18:01:02 **** Auto Build of configuration Debug for project Consolidated_330_SW ****
make all 
Building file: ../supportFiles/Adafruit_GFX.cpp
Invoking: ARM g++ compiler
arm-xilinx-eabi-g++ -Wall -O3 -finline-functions -g3 -I"C:\Users\DJ\Documents\School\College\ECEN390TA\Workspace\ECEN390_Student_SW_0.2\Consolidated_330_SW" -c -fmessage-length=0 -MT"supportFiles/Adafruit_GFX.o" -I../../HW3_bsp/ps7_cortexa9_0/include -MMD -MP -MF"supportFiles/Adafruit_GFX.d" -MT"supportFiles/Adafruit_GFX.d" -o "supportFiles/Adafruit_GFX.o" "../supportFiles/Adafruit_GFX.cpp"
Finished building: ../supportFiles/Adafruit_GFX.cpp
 
Building file: ../supportFiles/Adafruit_STMPE610.cpp
Invoking: ARM g++ compiler
arm-xilinx-eabi-g++ -Wall -O3 -finline-functions -g3 -I"C:\Users\DJ\Documents\School\College\ECEN390TA\Workspace\ECEN390_Student_SW_0.2\Consolidated_330_SW" -c -fmessage-length=0 -MT"supportFiles/Adafruit_STMPE610.o" -I../../HW3_bsp/ps7_cortexa9_0/include -MMD -MP -MF"supportFiles/Adafruit_STMPE610.d" -MT"supportFiles/Adafruit_STMPE610.d" -o "supportFiles/Adafruit_STMPE610.o" "../supportFiles/Adafruit_STMPE610.cpp"
Finished building: ../supportFiles/Adafruit_STMPE610.cpp
 
Building file: ../supportFiles/Adafruit_TFTLCD.cpp
Invoking: ARM g++ compiler
arm-xilinx-eabi-g++ -Wall -O3 -finline-functions -g3 -I"C:\Users\DJ\Documents\School\College\ECEN390TA\Workspace\ECEN390_Student_SW_0.2\Consolidated_330_SW" -c -fmessage-length=0 -MT"supportFiles/Adafruit_TFTLCD.o" -I../../HW3_bsp/ps7_cortexa9_0/include -MMD -MP -MF"supportFiles/Adafruit_TFTLCD.d" -MT"supportFiles/Adafruit_TFTLCD.d" -o "supportFiles/Adafruit_TFTLCD.o" "../supportFiles/Adafruit_TFTLCD.cpp"
../supportFiles/Adafruit_TFTLCD.cpp: In member function 'void Adafruit_TFTLCD::begin(short unsigned int)':
../supportFiles/Adafruit_TFTLCD.cpp:256:14: warning: unused variable 'a' [-Wunused-variable]
     uint16_t a, d;
              ^
../supportFiles/Adafruit_TFTLCD.cpp:256:17: warning: unused variable 'd' [-Wunused-variable]
     uint16_t a, d;
                 ^
../supportFiles/Adafruit_TFTLCD.cpp: In member function 'void Adafruit_TFTLCD::setRotation(unsigned char)':
../supportFiles/Adafruit_TFTLCD.cpp:753:13: warning: 't' may be used uninitialized in this function [-Wmaybe-uninitialized]
    uint16_t t;
             ^
Finished building: ../supportFiles/Adafruit_TFTLCD.cpp
 
Building file: ../supportFiles/Print.cpp
Invoking: ARM g++ compiler
arm-xilinx-eabi-g++ -Wall -O3 -finline-functions -g3 -I"C:\Users\DJ\Documents\School\College\ECEN390TA\Workspace\ECEN390_Student_SW_0.2\Consolidated_330_SW" -c -fmessage-length=0 -MT"supportFiles/Print.o" -I../../HW3_bsp/ps7_cortexa9_0/include -MMD -MP -MF"supportFiles/Print.d" -MT"supportFiles/Print.d" -o "supportFiles/Print.o" "../supportFiles/Print.cpp"
Finished building: ../supportFiles/Print.cpp
 
Building file: ../supportFiles/WString.cpp
Invoking: ARM g++ compiler
arm-xilinx-eabi-g++ -Wall -O3 -finline-functions -g3 -I"C:\Users\DJ\Documents\School\College\ECEN390TA\Workspace\ECEN390_Student_SW_0.2\Consolidated_330_SW" -c -fmessage-length=0 -MT"supportFiles/WString.o" -I../../HW3_bsp/ps7_cortexa9_0/include -MMD -MP -MF"supportFiles/WString.d" -MT"supportFiles/WString.d" -o "supportFiles/WString.o" "../supportFiles/WString.cpp"
Finished building: ../supportFiles/WString.cpp
 
Building file: ../supportFiles/buttons.c
Invoking: ARM g++ compiler
arm-xilinx-eabi-g++ -Wall -O3 -finline-functions -g3 -I"C:\Users\DJ\Documents\School\College\ECEN390TA\Workspace\ECEN390_Student_SW_0.2\Consolidated_330_SW" -c -fmessage-length=0 -MT"supportFiles/buttons.o" -I../../HW3_bsp/ps7_cortexa9_0/include -MMD -MP -MF"supportFiles/buttons.d" -MT"supportFiles/buttons.d" -o "supportFiles/buttons.o" "../supportFiles/buttons.c"
Finished building: ../supportFiles/buttons.c
 
Building file: ../supportFiles/circularBuffer.c
Invoking: ARM g++ compiler
arm-xilinx-eabi-g++ -Wall -O3 -finline-functions -g3 -I"C:\Users\DJ\Documents\School\College\ECEN390TA\Workspace\ECEN390_Student_SW_0.2\Consolidated_330_SW" -c -fmessage-length=0 -MT"supportFiles/circularBuffer.o" -I../../HW3_bsp/ps7_cortexa9_0/include -MMD -MP -MF"supportFiles/circularBuffer.d" -MT"supportFiles/circularBuffer.d" -o "supportFiles/circularBuffer.o" "../supportFiles/circularBuffer.c"
Finished building: ../supportFiles/circularBuffer.c
 
Building file: ../supportFiles/display.cpp
Invoking: ARM g++ compiler
arm-xilinx-eabi-g++ -Wall -O3 -finline-functions -g3 -I"C:\Users\DJ\Documents\School\College\ECEN390TA\Workspace\ECEN390_Student_SW_0.2\Consolidated_330_SW" -c -fmessage-length=0 -MT"supportFiles/display.o" -I../../HW3_bsp/ps7_cortexa9_0/include -MMD -MP -MF"supportFiles/display.d" -MT"supportFiles/display.d" -o "supportFiles/display.o" "../supportFiles/display.cpp"
Finished building: ../supportFiles/display.cpp
 
Building file: ../supportFiles/glcdfont.c
Invoking: ARM g++ compiler
arm-xilinx-eabi-g++ -Wall -O3 -finline-functions -g3 -I"C:\Users\DJ\Documents\School\College\ECEN390TA\Workspace\ECEN390_Student_SW_0.2\Consolidated_330_SW" -c -fmessage-length=0 -MT"supportFiles/glcdfont.o" -I../../HW3_bsp/ps7_cortexa9_0/include -MMD -MP -MF"supportFiles/glcdfont.d" -MT"supportFiles/glcdfont.d" -o "supportFiles/glcdfont.o" "../supportFiles/glcdfont.c"
Finished building: ../supportFiles/glcdfont.c
 
Building file: ../supportFiles/globalTimer.c
Invoking: ARM g++ compiler
arm-xilinx-eabi-g++ -Wall -O3 -finline-functions -g3 -I"C:\Users\DJ\Documents\School\College\ECEN390TA\Workspace\ECEN390_Student_SW_0.2\Consolidated_330_SW" -c -fmessage-length=0 -MT"supportFiles/globalTimer.o" -I../../HW3_bsp/ps7_cortexa9_0/include -MMD -MP -MF"supportFiles/globalTimer.d" -MT"supportFiles/globalTimer.d" -o "supportFiles/globalTimer.o" "../supportFiles/globalTimer.c"
Finished building: ../supportFiles/globalTimer.c
 
Building file: ../supportFiles/interrupts.c
Invoking: ARM g++ compiler
arm-xilinx-eabi-g++ -Wall -O3 -finline-functions -g3 -I"C:\Users\DJ\Documents\School\College\ECEN390TA\Workspace\ECEN390_Student_SW_0.2\Consolidated_330_SW" -c -fmessage-length=0 -MT"supportFiles/interrupts.o" -I../../HW3_bsp/ps7_cortexa9_0/include -MMD -MP -MF"supportFiles/interrupts.d" -MT"supportFiles/interrupts.d" -o "supportFiles/interrupts.o" "../supportFiles/interrupts.c"
Finished building: ../supportFiles/interrupts.c
 
Building file: ../supportFiles/intervalTimer.c
Invoking: ARM g++ compiler
arm-xilinx-eabi-g++ -Wall -O3 -finline-functions -g3 -I"C:\Users\DJ\Documents\School\College\ECEN390TA\Workspace\ECEN390_Student_SW_0.2\Consolidated_330_SW" -c -fmessage-length=0 -MT"supportFiles/intervalTimer.o" -I../../HW3_bsp/ps7_cortexa9_0/include -MMD -MP -MF"supportFiles/intervalTimer.d" -MT"supportFiles/intervalTimer.d" -o "supportFiles/intervalTimer.o" "../supportFiles/intervalTimer.c"
../supportFiles/intervalTimer.c: In function 'u32 intervalTimer_getTimerBaseAddress(u32)':
../supportFiles/intervalTimer.c:30:10: warning: 'timerBaseAddress' may be used uninitialized in this function [-Wmaybe-uninitialized]
   return timerBaseAddress;
          ^
../supportFiles/intervalTimer.c: In function 'u32 intervalTimer_writeRegister(u32, u32, u32)':
../supportFiles/intervalTimer.c:36:53: warning: 'timerBaseAddress' may be used uninitialized in this function [-Wmaybe-uninitialized]
   Xil_Out32((timerBaseAddress+registerOffset), value);
                                                     ^
../supportFiles/intervalTimer.c: In function 'u32 intervalTimer_readRegister(u32, u32)':
../supportFiles/intervalTimer.c:43:52: warning: 'timerBaseAddress' may be used uninitialized in this function [-Wmaybe-uninitialized]
   return Xil_In32((timerBaseAddress+registerOffset));
                                                    ^
../supportFiles/intervalTimer.c: In function 'u32 intervalTimer_start(u32)':
../supportFiles/intervalTimer.c:36:54: warning: 'timerBaseAddress' may be used uninitialized in this function [-Wmaybe-uninitialized]
   Xil_Out32((timerBaseAddress+registerOffset), value);
                                                      ^
../supportFiles/intervalTimer.c:14:7: note: 'timerBaseAddress' was declared here
   u32 timerBaseAddress;
       ^
../supportFiles/intervalTimer.c: In function 'u32 intervalTimer_stop(u32)':
../supportFiles/intervalTimer.c:36:54: warning: 'timerBaseAddress' may be used uninitialized in this function [-Wmaybe-uninitialized]
   Xil_Out32((timerBaseAddress+registerOffset), value);
                                                      ^
../supportFiles/intervalTimer.c:14:7: note: 'timerBaseAddress' was declared here
   u32 timerBaseAddress;
       ^
../supportFiles/intervalTimer.c: In function 'u32 intervalTimer_init(u32)':
../supportFiles/intervalTimer.c:36:54: warning: 'timerBaseAddress' may be used uninitialized in this function [-Wmaybe-uninitialized]
   Xil_Out32((timerBaseAddress+registerOffset), value);
                                                      ^
../supportFiles/intervalTimer.c:14:7: note: 'timerBaseAddress' was declared here
   u32 timerBaseAddress;
       ^
../supportFiles/intervalTimer.c: In function 'u32 intervalTimer_reset(u32)':
../supportFiles/intervalTimer.c:14:7: warning: 'timerBaseAddress' may be used uninitialized in this function [-Wmaybe-uninitialized]
../supportFiles/intervalTimer.c: In function 'u32 intervalTimer_test(u32)':
../supportFiles/intervalTimer.c:14:7: warning: 'timerBaseAddress' may be used uninitialized in this function [-Wmaybe-uninitialized]
../supportFiles/intervalTimer.c:14:7: warning: 'timerBaseAddress' may be used uninitialized in this function [-Wmaybe-uninitialized]
../supportFiles/intervalTimer.c:36:54: warning: 'timerBaseAddress' may be used uninitialized in this function [-Wmaybe-uninitialized]
   Xil_Out32((timerBaseAddress+registerOffset), value);
                                                      ^
../supportFiles/intervalTimer.c:14:7: note: 'timerBaseAddress' was declared here
   u32 timerBaseAddress;
       ^
../supportFiles/intervalTimer.c: In function 'u64 intervalTimer_get64BitCounterValue(u32)':
../supportFiles/intervalTimer.c:14:7: warning: 'timerBaseAddress' may be used uninitialized in this function [-Wmaybe-uninitialized]
../supportFiles/intervalTimer.c: In function 'u32 intervalTimer_getLower32BitCounterValue(u32)':
../supportFiles/intervalTimer.c:14:7: warning: 'timerBaseAddress' may be used uninitialized in this function [-Wmaybe-uninitialized]
../supportFiles/intervalTimer.c: In function 'u32 intervalTimer_getTotalDurationInSeconds(u32, double*)':
../supportFiles/intervalTimer.c:14:7: warning: 'timerBaseAddress' may be used uninitialized in this function [-Wmaybe-uninitialized]
Finished building: ../supportFiles/intervalTimer.c
 
Building file: ../supportFiles/lcd.c
Invoking: ARM g++ compiler
arm-xilinx-eabi-g++ -Wall -O3 -finline-functions -g3 -I"C:\Users\DJ\Documents\School\College\ECEN390TA\Workspace\ECEN390_Student_SW_0.2\Consolidated_330_SW" -c -fmessage-length=0 -MT"supportFiles/lcd.o" -I../../HW3_bsp/ps7_cortexa9_0/include -MMD -MP -MF"supportFiles/lcd.d" -MT"supportFiles/lcd.d" -o "supportFiles/lcd.o" "../supportFiles/lcd.c"
Finished building: ../supportFiles/lcd.c
 
Building file: ../supportFiles/leds.c
Invoking: ARM g++ compiler
arm-xilinx-eabi-g++ -Wall -O3 -finline-functions -g3 -I"C:\Users\DJ\Documents\School\College\ECEN390TA\Workspace\ECEN390_Student_SW_0.2\Consolidated_330_SW" -c -fmessage-length=0 -MT"supportFiles/leds.o" -I../../HW3_bsp/ps7_cortexa9_0/include -MMD -MP -MF"supportFiles/leds.d" -MT"supportFiles/leds.d" -o "supportFiles/leds.o" "../supportFiles/leds.c"
Finished building: ../supportFiles/leds.c
 
Building file: ../supportFiles/mio.c
Invoking: ARM g++ compiler
arm-xilinx-eabi-g++ -Wall -O3 -finline-functions -g3 -I"C:\Users\DJ\Documents\School\College\ECEN390TA\Workspace\ECEN390_Student_SW_0.2\Consolidated_330_SW" -c -fmessage-length=0 -MT"supportFiles/mio.o" -I../../HW3_bsp/ps7_cortexa9_0/include -MMD -MP -MF"supportFiles/mio.d" -MT"supportFiles/mio.d" -o "supportFiles/mio.o" "../supportFiles/mio.c"
Finished building: ../supportFiles/mio.c
 
Building file: ../supportFiles/new.cpp
Invoking: ARM g++ compiler
arm-xilinx-eabi-g++ -Wall -O3 -finline-functions -g3 -I"C:\Users\DJ\Documents\School\College\ECEN390TA\Workspace\ECEN390_Student_SW_0.2\Consolidated_330_SW" -c -fmessage-length=0 -MT"supportFiles/new.o" -I../../HW3_bsp/ps7_cortexa9_0/include -MMD -MP -MF"supportFiles/new.d" -MT"supportFiles/new.d" -o "supportFiles/new.o" "../supportFiles/new.cpp"
Finished building: ../supportFiles/new.cpp
 
Building file: ../supportFiles/spi.c
Invoking: ARM g++ compiler
arm-xilinx-eabi-g++ -Wall -O3 -finline-functions -g3 -I"C:\Users\DJ\Documents\School\College\ECEN390TA\Workspace\ECEN390_Student_SW_0.2\Consolidated_330_SW" -c -fmessage-length=0 -MT"supportFiles/spi.o" -I../../HW3_bsp/ps7_cortexa9_0/include -MMD -MP -MF"supportFiles/spi.d" -MT"supportFiles/spi.d" -o "supportFiles/spi.o" "../supportFiles/spi.c"
Finished building: ../supportFiles/spi.c
 
Building file: ../supportFiles/switches.c
Invoking: ARM g++ compiler
arm-xilinx-eabi-g++ -Wall -O3 -finline-functions -g3 -I"C:\Users\DJ\Documents\School\College\ECEN390TA\Workspace\ECEN390_Student_SW_0.2\Consolidated_330_SW" -c -fmessage-length=0 -MT"supportFiles/switches.o" -I../../HW3_bsp/ps7_cortexa9_0/include -MMD -MP -MF"supportFiles/switches.d" -MT"supportFiles/switches.d" -o "supportFiles/switches.o" "../supportFiles/switches.c"
Finished building: ../supportFiles/switches.c
 
Building file: ../supportFiles/utils.cpp
Invoking: ARM g++ compiler
arm-xilinx-eabi-g++ -Wall -O3 -finline-functions -g3 -I"C:\Users\DJ\Documents\School\College\ECEN390TA\Workspace\ECEN390_Student_SW_0.2\Consolidated_330_SW" -c -fmessage-length=0 -MT"supportFiles/utils.o" -I../../HW3_bsp/ps7_cortexa9_0/include -MMD -MP -MF"supportFiles/utils.d" -MT"supportFiles/utils.d" -o "supportFiles/utils.o" "../supportFiles/utils.cpp"
Finished building: ../supportFiles/utils.cpp
 
Building file: ../src/laserTag/detector.c
Invoking: ARM g++ compiler
arm-xilinx-eabi-g++ -Wall -O3 -finline-functions -g3 -I"C:\Users\DJ\Documents\School\College\ECEN390TA\Workspace\ECEN390_Student_SW_0.2\Consolidated_330_SW" -c -fmessage-length=0 -MT"src/laserTag/detector.o" -I../../HW3_bsp/ps7_cortexa9_0/include -MMD -MP -MF"src/laserTag/detector.d" -MT"src/laserTag/detector.d" -o "src/laserTag/detector.o" "../src/laserTag/detector.c"
Finished building: ../src/laserTag/detector.c
 
Building file: ../src/laserTag/isr.c
Invoking: ARM g++ compiler
arm-xilinx-eabi-g++ -Wall -O3 -finline-functions -g3 -I"C:\Users\DJ\Documents\School\College\ECEN390TA\Workspace\ECEN390_Student_SW_0.2\Consolidated_330_SW" -c -fmessage-length=0 -MT"src/laserTag/isr.o" -I../../HW3_bsp/ps7_cortexa9_0/include -MMD -MP -MF"src/laserTag/isr.d" -MT"src/laserTag/isr.d" -o "src/laserTag/isr.o" "../src/laserTag/isr.c"
Finished building: ../src/laserTag/isr.c
 
Building file: ../src/laserTag/main.c
Invoking: ARM g++ compiler
arm-xilinx-eabi-g++ -Wall -O3 -finline-functions -g3 -I"C:\Users\DJ\Documents\School\College\ECEN390TA\Workspace\ECEN390_Student_SW_0.2\Consolidated_330_SW" -c -fmessage-length=0 -MT"src/laserTag/main.o" -I../../HW3_bsp/ps7_cortexa9_0/include -MMD -MP -MF"src/laserTag/main.d" -MT"src/laserTag/main.d" -o "src/laserTag/main.o" "../src/laserTag/main.c"
Finished building: ../src/laserTag/main.c
 
Building file: ../src/laserTag/transmitter.c
Invoking: ARM g++ compiler
arm-xilinx-eabi-g++ -Wall -O3 -finline-functions -g3 -I"C:\Users\DJ\Documents\School\College\ECEN390TA\Workspace\ECEN390_Student_SW_0.2\Consolidated_330_SW" -c -fmessage-length=0 -MT"src/laserTag/transmitter.o" -I../../HW3_bsp/ps7_cortexa9_0/include -MMD -MP -MF"src/laserTag/transmitter.d" -MT"src/laserTag/transmitter.d" -o "src/laserTag/transmitter.o" "../src/laserTag/transmitter.c"
Finished building: ../src/laserTag/transmitter.c
 
make: *** No rule to make target `queue.o', needed by `Consolidated_330_SW.elf'.  Stop.

18:01:19 Build Finished (took 17s.689ms)

